{"name": "test_base_url", "status": "failed", "statusDetails": {"message": "AssertionError: assert False\n +  where False = <built-in method startswith of str object at 0x10217f740>('https://')\n +    where <built-in method startswith of str object at 0x10217f740> = ''.startswith", "trace": "base_url = ''\n\n>   ???\nE   AssertionError: assert False\nE    +  where False = <built-in method startswith of str object at 0x10217f740>('https://')\nE    +    where <built-in method startswith of str object at 0x10217f740> = ''.startswith\n\n/Users/AndreaKis/Desktop/devcon-reg-test-main/tests/test_config.py:3: AssertionError"}, "attachments": [{"name": "stdout", "source": "11ca0dde-cbc6-4232-9955-b4b9aefe1d21-attachment.txt", "type": "text/plain"}], "start": 1739353744709, "stop": 1739353744710, "uuid": "81cf52cc-f9f2-4f25-975e-425bc7af8b80", "historyId": "2e913e16e2c8b3ecf06fc896c139c6b5", "testCaseId": "2e913e16e2c8b3ecf06fc896c139c6b5", "fullName": "tests.test_config#test_base_url", "labels": [{"name": "parentSuite", "value": "tests"}, {"name": "suite", "value": "test_config"}, {"name": "host", "value": "Andrea-Kis-Mac"}, {"name": "thread", "value": "26547-MainThread"}, {"name": "framework", "value": "pytest"}, {"name": "language", "value": "cpython3"}, {"name": "package", "value": "tests.test_config"}]}